\BOOKMARK [0][-]{chapter.1}{\376\377\000I\000n\000t\000r\000o\000d\000u\000\347\000\343\000o}{}% 1
\BOOKMARK [0][-]{chapter.2}{\376\377\000O\000b\000j\000e\000t\000i\000v\000o}{}% 2
\BOOKMARK [1][-]{section.2.1}{\376\377\000O\000b\000j\000e\000t\000i\000v\000o\000s\000\040\000E\000s\000p\000e\000c\000\355\000f\000i\000c\000o\000s}{chapter.2}% 3
\BOOKMARK [0][-]{chapter.3}{\376\377\000R\000e\000s\000t\000r\000i\000\347\000\365\000e\000s\000\040\000A\000r\000q\000u\000i\000t\000e\000t\000u\000r\000a\000i\000s}{}% 4
\BOOKMARK [0][-]{chapter.4}{\376\377\000R\000e\000q\000u\000i\000s\000i\000t\000o\000s\000\040\000F\000u\000n\000c\000i\000o\000n\000a\000i\000s}{}% 5
\BOOKMARK [1][-]{section.4.1}{\376\377\000M\000\363\000d\000u\000l\000o\000\040\000d\000e\000\040\000p\000r\000o\000d\000u\000t\000o\000s}{chapter.4}% 6
\BOOKMARK [2][-]{subsection.4.1.1}{\376\377\000R\000F\000-\0001\000:\000\040\000C\000a\000d\000a\000s\000t\000r\000o\000\040\000d\000e\000\040\000p\000r\000o\000d\000u\000t\000o\000s}{section.4.1}% 7
\BOOKMARK [2][-]{subsection.4.1.2}{\376\377\000R\000F\000-\0002\000:\000\040\000C\000a\000d\000a\000s\000t\000r\000o\000\040\000d\000e\000\040\000c\000a\000t\000e\000g\000o\000r\000i\000a}{section.4.1}% 8
\BOOKMARK [2][-]{subsection.4.1.3}{\376\377\000R\000F\000-\0003\000:\000\040\000C\000a\000d\000a\000s\000t\000r\000o\000\040\000d\000e\000\040\000c\000o\000m\000p\000l\000e\000m\000e\000n\000t\000o\000s}{section.4.1}% 9
\BOOKMARK [2][-]{subsection.4.1.4}{\376\377\000R\000F\000-\0004\000:\000\040\000C\000a\000d\000a\000s\000t\000r\000o\000\040\000d\000e\000\040\000c\000o\000m\000b\000o\000s}{section.4.1}% 10
\BOOKMARK [1][-]{section.4.2}{\376\377\000M\000\363\000d\000u\000l\000o\000\040\000d\000e\000\040\000c\000l\000i\000e\000n\000t\000e\000s}{chapter.4}% 11
\BOOKMARK [2][-]{subsection.4.2.1}{\376\377\000R\000F\000-\0005\000:\000\040\000C\000a\000d\000a\000s\000t\000r\000o\000\040\000d\000e\000\040\000c\000l\000i\000e\000n\000t\000e\000s}{section.4.2}% 12
\BOOKMARK [2][-]{subsection.4.2.2}{\376\377\000R\000F\000-\0006\000:\000\040\000C\000a\000d\000a\000s\000t\000r\000o\000\040\000d\000e\000\040\000e\000n\000d\000e\000r\000e\000\347\000o\000s\000\040\000d\000e\000\040\000c\000l\000i\000e\000n\000t\000e\000s}{section.4.2}% 13
\BOOKMARK [1][-]{section.4.3}{\376\377\000M\000\363\000d\000u\000l\000o\000\040\000d\000e\000\040\000p\000e\000d\000i\000d\000o\000s}{chapter.4}% 14
\BOOKMARK [2][-]{subsection.4.3.1}{\376\377\000R\000F\000-\0007\000:\000\040\000C\000a\000d\000a\000s\000t\000r\000o\000\040\000d\000e\000\040\000p\000e\000d\000i\000d\000o\000s\000\040\000d\000e\000l\000i\000v\000e\000r\000y}{section.4.3}% 15
\BOOKMARK [2][-]{subsection.4.3.2}{\376\377\000R\000F\000-\0008\000:\000\040\000C\000a\000d\000a\000s\000t\000r\000o\000\040\000d\000e\000\040\000p\000e\000d\000i\000d\000o\000s\000\040\000m\000e\000s\000a}{section.4.3}% 16
\BOOKMARK [2][-]{subsection.4.3.3}{\376\377\000R\000F\000-\0009\000:\000\040\000C\000a\000d\000a\000s\000t\000r\000o\000\040\000d\000e\000\040\000p\000e\000d\000i\000d\000o\000s\000\040\000c\000l\000i\000e\000n\000t\000e}{section.4.3}% 17
\BOOKMARK [1][-]{section.4.4}{\376\377\000M\000\363\000d\000u\000l\000o\000\040\000d\000e\000\040\000e\000s\000t\000o\000q\000u\000e}{chapter.4}% 18
\BOOKMARK [2][-]{subsection.4.4.1}{\376\377\000R\000F\000-\0001\0000\000:\000\040\000C\000a\000d\000a\000s\000t\000r\000o\000\040\000d\000e\000\040\000i\000n\000g\000r\000e\000d\000i\000e\000n\000t\000e\000s}{section.4.4}% 19
\BOOKMARK [2][-]{subsection.4.4.2}{\376\377\000R\000F\000-\0001\0001\000:\000\040\000R\000e\000l\000a\000t\000\363\000r\000i\000o\000\040\000d\000e\000\040\000e\000s\000t\000o\000q\000u\000e}{section.4.4}% 20
\BOOKMARK [1][-]{section.4.5}{\376\377\000M\000\363\000d\000u\000l\000o\000\040\000f\000i\000n\000a\000n\000c\000e\000i\000r\000o}{chapter.4}% 21
\BOOKMARK [2][-]{subsection.4.5.1}{\376\377\000R\000F\000-\0001\0002\000:\000\040\000F\000o\000r\000m\000a\000s\000\040\000d\000e\000\040\000p\000a\000g\000a\000m\000e\000n\000t\000o}{section.4.5}% 22
\BOOKMARK [2][-]{subsection.4.5.2}{\376\377\000R\000F\000-\0001\0003\000:\000\040\000P\000a\000g\000a\000m\000e\000n\000t\000o\000\040\000O\000n\000l\000i\000n\000e}{section.4.5}% 23
\BOOKMARK [1][-]{section.4.6}{\376\377\000M\000\363\000d\000u\000l\000o\000\040\000a\000u\000t\000e\000n\000t\000i\000c\000a\000\347\000\343\000o\000/\000a\000u\000t\000o\000r\000i\000z\000a\000\347\000\343\000o}{chapter.4}% 24
\BOOKMARK [2][-]{subsection.4.6.1}{\376\377\000R\000F\000-\0001\0004\000:\000\040\000N\000\355\000v\000e\000i\000s\000\040\000d\000e\000\040\000a\000c\000e\000s\000s\000o}{section.4.6}% 25
\BOOKMARK [2][-]{subsection.4.6.2}{\376\377\000R\000F\000-\0001\0005\000:\000\040\000A\000u\000t\000e\000n\000t\000i\000c\000a\000\347\000\343\000o}{section.4.6}% 26
\BOOKMARK [0][-]{chapter.5}{\376\377\000R\000e\000q\000u\000i\000s\000i\000t\000o\000s\000\040\000N\000\343\000o\000\040\000F\000u\000n\000c\000i\000o\000n\000a\000i\000s}{}% 27
\BOOKMARK [1][-]{section.5.1}{\376\377\000M\000a\000n\000u\000t\000e\000n\000a\000b\000i\000l\000i\000d\000a\000d\000e}{chapter.5}% 28
\BOOKMARK [2][-]{subsection.5.1.1}{\376\377\000R\000N\000F\000-\0001\000:\000\040\000D\000e\000s\000e\000n\000v\000o\000l\000v\000i\000m\000e\000n\000t\000o\000\040\000e\000m\000\040\000c\000a\000m\000a\000d\000a\000s}{section.5.1}% 29
\BOOKMARK [1][-]{section.5.2}{\376\377\000U\000s\000a\000b\000i\000l\000i\000d\000a\000d\000e}{chapter.5}% 30
\BOOKMARK [2][-]{subsection.5.2.1}{\376\377\000R\000N\000F\000-\0002\000:\000\040\000P\000a\000d\000r\000\343\000o\000\040\000d\000e\000\040\000i\000n\000t\000e\000r\000f\000a\000c\000e\000s}{section.5.2}% 31
\BOOKMARK [1][-]{section.5.3}{\376\377\000S\000e\000g\000u\000r\000a\000n\000\347\000a}{chapter.5}% 32
\BOOKMARK [2][-]{subsection.5.3.1}{\376\377\000R\000N\000F\000-\0003\000:\000\040\000B\000a\000n\000c\000o\000\040\000d\000e\000\040\000d\000a\000d\000o\000s}{section.5.3}% 33
\BOOKMARK [2][-]{subsection.5.3.2}{\376\377\000R\000N\000F\000-\0004\000:\000\040\000A\000u\000t\000e\000n\000t\000i\000c\000a\000\347\000\343\000o\000/\000A\000u\000t\000o\000r\000i\000z\000a\000\347\000\343\000o}{section.5.3}% 34
\BOOKMARK [1][-]{section.5.4}{\376\377\000I\000n\000t\000e\000r\000o\000p\000e\000r\000a\000b\000i\000l\000i\000d\000a\000d\000e}{chapter.5}% 35
\BOOKMARK [2][-]{subsection.5.4.1}{\376\377\000R\000N\000F\000-\0005\000:\000\040\000C\000o\000m\000u\000n\000i\000c\000a\000\347\000\343\000o\000\040\000c\000o\000m\000\040\000s\000i\000s\000t\000e\000m\000a\000\040\000d\000e\000\040\000p\000a\000g\000a\000m\000e\000n\000t\000o}{section.5.4}% 36
\BOOKMARK [1][-]{section.5.5}{\376\377\000D\000e\000s\000e\000m\000p\000e\000n\000h\000o}{chapter.5}% 37
\BOOKMARK [2][-]{subsection.5.5.1}{\376\377\000R\000N\000F\000-\0006\000:\000\040\000A\000c\000e\000s\000s\000o\000\040\000a\000p\000\363\000s\000\040\000A\000u\000t\000e\000n\000t\000i\000c\000a\000\347\000\343\000o}{section.5.5}% 38
\BOOKMARK [0][-]{chapter.6}{\376\377\000M\000e\000c\000a\000n\000i\000s\000m\000o\000s\000\040\000A\000r\000q\000u\000i\000t\000e\000t\000u\000r\000a\000i\000s}{}% 39
\BOOKMARK [0][-]{chapter.7}{\376\377\000M\000o\000d\000e\000l\000a\000g\000e\000m\000\040\000A\000r\000q\000u\000i\000t\000e\000t\000u\000r\000a\000l}{}% 40
\BOOKMARK [1][-]{section.7.1}{\376\377\000D\000i\000a\000g\000r\000a\000m\000a\000\040\000d\000e\000\040\000C\000o\000n\000t\000e\000x\000t\000o}{chapter.7}% 41
\BOOKMARK [1][-]{section.7.2}{\376\377\000D\000i\000a\000g\000r\000a\000m\000a\000\040\000d\000e\000\040\000C\000o\000n\000t\000a\000i\000n\000e\000r}{chapter.7}% 42
\BOOKMARK [1][-]{section.7.3}{\376\377\000D\000i\000a\000g\000r\000a\000m\000a\000\040\000d\000e\000\040\000C\000o\000m\000p\000o\000n\000e\000n\000t\000e\000s}{chapter.7}% 43
\BOOKMARK [0][-]{chapter.8}{\376\377\000V\000\355\000d\000e\000o\000\040\000A\000p\000r\000e\000s\000e\000n\000t\000a\000\347\000\343\000o\000\040\0001}{}% 44
\BOOKMARK [0][-]{chapter.9}{\376\377\000A\000v\000a\000l\000i\000a\000\347\000\343\000o\000\040\000A\000r\000q\000u\000i\000t\000e\000t\000u\000r\000a\000l\000\040\000A\000T\000A\000M}{}% 45
\BOOKMARK [1][-]{section.9.1}{\376\377\000A\000n\000\341\000l\000i\000s\000e\000\040\000d\000a\000s\000\040\000a\000b\000o\000r\000d\000a\000g\000e\000n\000s\000\040\000a\000r\000q\000u\000i\000t\000e\000t\000u\000r\000a\000i\000s}{chapter.9}% 46
\BOOKMARK [2][-]{subsection.9.1.1}{\376\377\000M\000a\000n\000u\000t\000e\000n\000a\000b\000i\000l\000i\000d\000a\000d\000e}{section.9.1}% 47
\BOOKMARK [2][-]{subsection.9.1.2}{\376\377\000U\000s\000a\000b\000i\000l\000i\000d\000a\000d\000e}{section.9.1}% 48
\BOOKMARK [2][-]{subsection.9.1.3}{\376\377\000S\000e\000g\000u\000r\000a\000n\000\347\000a}{section.9.1}% 49
\BOOKMARK [2][-]{subsection.9.1.4}{\376\377\000I\000n\000t\000e\000r\000o\000p\000e\000r\000a\000b\000i\000l\000i\000d\000a\000d\000e}{section.9.1}% 50
\BOOKMARK [2][-]{subsection.9.1.5}{\376\377\000D\000e\000s\000e\000m\000p\000e\000n\000h\000o}{section.9.1}% 51
\BOOKMARK [1][-]{section.9.2}{\376\377\000C\000e\000n\000\341\000r\000i\000o\000s}{chapter.9}% 52
\BOOKMARK [2][-]{subsection.9.2.1}{\376\377\000C\000e\000n\000\341\000r\000i\000o\000\040\0001}{section.9.2}% 53
\BOOKMARK [2][-]{subsection.9.2.2}{\376\377\000C\000e\000n\000\341\000r\000i\000o\000\040\0002}{section.9.2}% 54
\BOOKMARK [2][-]{subsection.9.2.3}{\376\377\000C\000e\000n\000\341\000r\000i\000o\000\040\0003}{section.9.2}% 55
\BOOKMARK [2][-]{subsection.9.2.4}{\376\377\000C\000e\000n\000\341\000r\000i\000o\000\040\0004}{section.9.2}% 56
\BOOKMARK [2][-]{subsection.9.2.5}{\376\377\000C\000e\000n\000\341\000r\000i\000o\000\040\0005}{section.9.2}% 57
\BOOKMARK [2][-]{subsection.9.2.6}{\376\377\000C\000e\000n\000\341\000r\000i\000o\000\040\0006}{section.9.2}% 58
\BOOKMARK [1][-]{section.9.3}{\376\377\000E\000v\000i\000d\000\352\000n\000c\000i\000a\000s\000\040\000d\000a\000\040\000A\000v\000a\000l\000i\000a\000\347\000\343\000o\000\040\000d\000e\000\040\000C\000e\000n\000\341\000r\000i\000o\000s}{chapter.9}% 59
\BOOKMARK [2][-]{subsection.9.3.1}{\376\377\000C\000e\000n\000\341\000r\000i\000o\000\040\0001}{section.9.3}% 60
\BOOKMARK [2][-]{subsection.9.3.2}{\376\377\000C\000e\000n\000\341\000r\000i\000o\000\040\0002}{section.9.3}% 61
\BOOKMARK [2][-]{subsection.9.3.3}{\376\377\000C\000e\000n\000\341\000r\000i\000o\000\040\0003}{section.9.3}% 62
\BOOKMARK [2][-]{subsection.9.3.4}{\376\377\000C\000e\000n\000\341\000r\000i\000o\000\040\0004}{section.9.3}% 63
\BOOKMARK [2][-]{subsection.9.3.5}{\376\377\000C\000e\000n\000\341\000r\000i\000o\000\040\0005}{section.9.3}% 64
\BOOKMARK [2][-]{subsection.9.3.6}{\376\377\000C\000e\000n\000\341\000r\000i\000o\000\040\0006}{section.9.3}% 65
\BOOKMARK [0][-]{chapter.10}{\376\377\000A\000v\000a\000l\000i\000a\000\347\000\343\000o\000\040\000c\000r\000\355\000t\000i\000c\000a\000\040\000d\000o\000s\000\040\000r\000e\000s\000u\000l\000t\000a\000d\000o\000s}{}% 66
\BOOKMARK [0][-]{chapter.11}{\376\377\000C\000o\000n\000c\000l\000u\000s\000\343\000o}{}% 67
\BOOKMARK [0][-]{chapter.12}{\376\377\000R\000e\000p\000o\000s\000i\000t\000\363\000r\000i\000o\000s}{}% 68
\BOOKMARK [0][-]{chapter.13}{\376\377\000V\000\355\000d\000e\000o\000\040\000A\000p\000r\000e\000s\000e\000n\000t\000a\000\347\000\343\000o}{}% 69
